# JRE version: Java(TM) SE Runtime Environment (8.0_101-b13) (build 1.8.0_101-b13)
# Java VM: Java HotSpot(TM) 64-Bit Server VM (25.101-b13 mixed mode linux-amd64 compressed oops)
Heap:
 def new generation   total 4928K, used 2403K [0x00000000f0800000, 0x00000000f0d50000, 0x00000000f5aa0000)
  eden space 4416K,  44% used [0x00000000f0800000, 0x00000000f09e7e78, 0x00000000f0c50000)
  from space 512K,  88% used [0x00000000f0cd0000, 0x00000000f0d41010, 0x00000000f0d50000)
  to   space 512K,   0% used [0x00000000f0c50000, 0x00000000f0c50000, 0x00000000f0cd0000)
 tenured generation   total 10944K, used 4638K [0x00000000f5aa0000, 0x00000000f6550000, 0x0000000100000000)
   the space 10944K,  42% used [0x00000000f5aa0000, 0x00000000f5f27aa8, 0x00000000f5f27c00, 0x00000000f6550000)
 Metaspace       used 10538K, capacity 10902K, committed 11008K, reserved 1058816K
  class space    used 1184K, capacity 1269K, committed 1280K, reserved 1048576K
GC Heap History (10 events):
Event: 1,140 GC heap before
{Heap before GC invocations=2 (full 0):
 def new generation   total 4928K, used 4927K [0x00000000f0800000, 0x00000000f0d50000, 0x00000000f5aa0000)
  eden space 4416K, 100% used [0x00000000f0800000, 0x00000000f0c50000, 0x00000000f0c50000)
  from space 512K,  99% used [0x00000000f0c50000, 0x00000000f0ccfff8, 0x00000000f0cd0000)
  to   space 512K,   0% used [0x00000000f0cd0000, 0x00000000f0cd0000, 0x00000000f0d50000)
 tenured generation   total 10944K, used 1465K [0x00000000f5aa0000, 0x00000000f6550000, 0x0000000100000000)
   the space 10944K,  13% used [0x00000000f5aa0000, 0x00000000f5c0e548, 0x00000000f5c0e600, 0x00000000f6550000)
 Metaspace       used 6112K, capacity 6186K, committed 6400K, reserved 1056768K
  class space    used 654K, capacity 657K, committed 768K, reserved 1048576K
Event: 1,142 GC heap after
Heap after GC invocations=3 (full 0):
 def new generation   total 4928K, used 512K [0x00000000f0800000, 0x00000000f0d50000, 0x00000000f5aa0000)
  eden space 4416K,   0% used [0x00000000f0800000, 0x00000000f0800000, 0x00000000f0c50000)
  from space 512K, 100% used [0x00000000f0cd0000, 0x00000000f0d50000, 0x00000000f0d50000)
  to   space 512K,   0% used [0x00000000f0c50000, 0x00000000f0c50000, 0x00000000f0cd0000)
 tenured generation   total 10944K, used 2568K [0x00000000f5aa0000, 0x00000000f6550000, 0x0000000100000000)
   the space 10944K,  23% used [0x00000000f5aa0000, 0x00000000f5d22100, 0x00000000f5d22200, 0x00000000f6550000)
 Metaspace       used 6112K, capacity 6186K, committed 6400K, reserved 1056768K
  class space    used 654K, capacity 657K, committed 768K, reserved 1048576K
}
Event: 1,392 GC heap before
{Heap before GC invocations=3 (full 0):
 def new generation   total 4928K, used 4928K [0x00000000f0800000, 0x00000000f0d50000, 0x00000000f5aa0000)
  eden space 4416K, 100% used [0x00000000f0800000, 0x00000000f0c50000, 0x00000000f0c50000)
  from space 512K, 100% used [0x00000000f0cd0000, 0x00000000f0d50000, 0x00000000f0d50000)
  to   space 512K,   0% used [0x00000000f0c50000, 0x00000000f0c50000, 0x00000000f0cd0000)
 tenured generation   total 10944K, used 2568K [0x00000000f5aa0000, 0x00000000f6550000, 0x0000000100000000)
   the space 10944K,  23% used [0x00000000f5aa0000, 0x00000000f5d22100, 0x00000000f5d22200, 0x00000000f6550000)
 Metaspace       used 7616K, capacity 7728K, committed 7808K, reserved 1056768K
  class space    used 813K, capacity 851K, committed 896K, reserved 1048576K
Event: 1,395 GC heap after
Heap after GC invocations=4 (full 0):
 def new generation   total 4928K, used 511K [0x00000000f0800000, 0x00000000f0d50000, 0x00000000f5aa0000)
  eden space 4416K,   0% used [0x00000000f0800000, 0x00000000f0800000, 0x00000000f0c50000)
  from space 512K,  99% used [0x00000000f0c50000, 0x00000000f0ccfff8, 0x00000000f0cd0000)
  to   space 512K,   0% used [0x00000000f0cd0000, 0x00000000f0cd0000, 0x00000000f0d50000)
 tenured generation   total 10944K, used 3557K [0x00000000f5aa0000, 0x00000000f6550000, 0x0000000100000000)
   the space 10944K,  32% used [0x00000000f5aa0000, 0x00000000f5e19670, 0x00000000f5e19800, 0x00000000f6550000)
 Metaspace       used 7616K, capacity 7728K, committed 7808K, reserved 1056768K
  class space    used 813K, capacity 851K, committed 896K, reserved 1048576K
}
Event: 1,492 GC heap before
{Heap before GC invocations=4 (full 0):
 def new generation   total 4928K, used 4927K [0x00000000f0800000, 0x00000000f0d50000, 0x00000000f5aa0000)
  eden space 4416K, 100% used [0x00000000f0800000, 0x00000000f0c50000, 0x00000000f0c50000)
  from space 512K,  99% used [0x00000000f0c50000, 0x00000000f0ccfff8, 0x00000000f0cd0000)
  to   space 512K,   0% used [0x00000000f0cd0000, 0x00000000f0cd0000, 0x00000000f0d50000)
 tenured generation   total 10944K, used 3557K [0x00000000f5aa0000, 0x00000000f6550000, 0x0000000100000000)
   the space 10944K,  32% used [0x00000000f5aa0000, 0x00000000f5e19670, 0x00000000f5e19800, 0x00000000f6550000)
 Metaspace       used 8170K, capacity 8304K, committed 8448K, reserved 1056768K
  class space    used 891K, capacity 915K, committed 1024K, reserved 1048576K
Event: 1,495 GC heap after
Heap after GC invocations=5 (full 0):
 def new generation   total 4928K, used 511K [0x00000000f0800000, 0x00000000f0d50000, 0x00000000f5aa0000)
  eden space 4416K,   0% used [0x00000000f0800000, 0x00000000f0800000, 0x00000000f0c50000)
  from space 512K,  99% used [0x00000000f0cd0000, 0x00000000f0d4fff8, 0x00000000f0d50000)
  to   space 512K,   0% used [0x00000000f0c50000, 0x00000000f0c50000, 0x00000000f0cd0000)
 tenured generation   total 10944K, used 4118K [0x00000000f5aa0000, 0x00000000f6550000, 0x0000000100000000)
   the space 10944K,  37% used [0x00000000f5aa0000, 0x00000000f5ea5898, 0x00000000f5ea5a00, 0x00000000f6550000)
 Metaspace       used 8170K, capacity 8304K, committed 8448K, reserved 1056768K
  class space    used 891K, capacity 915K, committed 1024K, reserved 1048576K
}
Event: 1,645 GC heap before
{Heap before GC invocations=5 (full 0):
 def new generation   total 4928K, used 4927K [0x00000000f0800000, 0x00000000f0d50000, 0x00000000f5aa0000)
  eden space 4416K, 100% used [0x00000000f0800000, 0x00000000f0c50000, 0x00000000f0c50000)
  from space 512K,  99% used [0x00000000f0cd0000, 0x00000000f0d4fff8, 0x00000000f0d50000)
  to   space 512K,   0% used [0x00000000f0c50000, 0x00000000f0c50000, 0x00000000f0cd0000)
 tenured generation   total 10944K, used 4118K [0x00000000f5aa0000, 0x00000000f6550000, 0x0000000100000000)
   the space 10944K,  37% used [0x00000000f5aa0000, 0x00000000f5ea5898, 0x00000000f5ea5a00, 0x00000000f6550000)
 Metaspace       used 9063K, capacity 9248K, committed 9344K, reserved 1056768K
  class space    used 999K, capacity 1081K, committed 1152K, reserved 1048576K
Event: 1,648 GC heap after
Heap after GC invocations=6 (full 0):
 def new generation   total 4928K, used 460K [0x00000000f0800000, 0x00000000f0d50000, 0x00000000f5aa0000)
  eden space 4416K,   0% used [0x00000000f0800000, 0x00000000f0800000, 0x00000000f0c50000)
  from space 512K,  89% used [0x00000000f0c50000, 0x00000000f0cc31e0, 0x00000000f0cd0000)
  to   space 512K,   0% used [0x00000000f0cd0000, 0x00000000f0cd0000, 0x00000000f0d50000)
 tenured generation   total 10944K, used 4276K [0x00000000f5aa0000, 0x00000000f6550000, 0x0000000100000000)
   the space 10944K,  39% used [0x00000000f5aa0000, 0x00000000f5ecd338, 0x00000000f5ecd400, 0x00000000f6550000)
 Metaspace       used 9063K, capacity 9248K, committed 9344K, reserved 1056768K
  class space    used 999K, capacity 1081K, committed 1152K, reserved 1048576K
}
Event: 1,820 GC heap before
{Heap before GC invocations=6 (full 0):
 def new generation   total 4928K, used 4876K [0x00000000f0800000, 0x00000000f0d50000, 0x00000000f5aa0000)
  eden space 4416K, 100% used [0x00000000f0800000, 0x00000000f0c50000, 0x00000000f0c50000)
  from space 512K,  89% used [0x00000000f0c50000, 0x00000000f0cc31e0, 0x00000000f0cd0000)
  to   space 512K,   0% used [0x00000000f0cd0000, 0x00000000f0cd0000, 0x00000000f0d50000)
 tenured generation   total 10944K, used 4276K [0x00000000f5aa0000, 0x00000000f6550000, 0x0000000100000000)
   the space 10944K,  39% used [0x00000000f5aa0000, 0x00000000f5ecd338, 0x00000000f5ecd400, 0x00000000f6550000)
 Metaspace       used 9719K, capacity 9992K, committed 10112K, reserved 1058816K
  class space    used 1070K, capacity 1135K, committed 1152K, reserved 1048576K
Event: 1,823 GC heap after
Heap after GC invocations=7 (full 0):
 def new generation   total 4928K, used 452K [0x00000000f0800000, 0x00000000f0d50000, 0x00000000f5aa0000)
  eden space 4416K,   0% used [0x00000000f0800000, 0x00000000f0800000, 0x00000000f0c50000)
  from space 512K,  88% used [0x00000000f0cd0000, 0x00000000f0d41010, 0x00000000f0d50000)
  to   space 512K,   0% used [0x00000000f0c50000, 0x00000000f0c50000, 0x00000000f0cd0000)
 tenured generation   total 10944K, used 4638K [0x00000000f5aa0000, 0x00000000f6550000, 0x0000000100000000)
   the space 10944K,  42% used [0x00000000f5aa0000, 0x00000000f5f27aa8, 0x00000000f5f27c00, 0x00000000f6550000)
 Metaspace       used 9719K, capacity 9992K, committed 10112K, reserved 1058816K
  class space    used 1070K, capacity 1135K, committed 1152K, reserved 1048576K
}

