# JRE version: Java(TM) SE Runtime Environment (8.0_101-b13) (build 1.8.0_101-b13)
# Java VM: Java HotSpot(TM) 64-Bit Server VM (25.101-b13 mixed mode linux-amd64 compressed oops)
Heap:
 def new generation   total 4928K, used 2300K [0x00000000f0800000, 0x00000000f0d50000, 0x00000000f5aa0000)
  eden space 4416K,  41% used [0x00000000f0800000, 0x00000000f09c8338, 0x00000000f0c50000)
  from space 512K,  92% used [0x00000000f0cd0000, 0x00000000f0d46e18, 0x00000000f0d50000)
  to   space 512K,   0% used [0x00000000f0c50000, 0x00000000f0c50000, 0x00000000f0cd0000)
 tenured generation   total 10944K, used 4650K [0x00000000f5aa0000, 0x00000000f6550000, 0x0000000100000000)
   the space 10944K,  42% used [0x00000000f5aa0000, 0x00000000f5f2a830, 0x00000000f5f2aa00, 0x00000000f6550000)
 Metaspace       used 10560K, capacity 10966K, committed 11008K, reserved 1058816K
  class space    used 1184K, capacity 1269K, committed 1280K, reserved 1048576K
GC Heap History (10 events):
Event: 1,872 GC heap before
{Heap before GC invocations=2 (full 0):
 def new generation   total 4928K, used 4928K [0x00000000f0800000, 0x00000000f0d50000, 0x00000000f5aa0000)
  eden space 4416K, 100% used [0x00000000f0800000, 0x00000000f0c50000, 0x00000000f0c50000)
  from space 512K, 100% used [0x00000000f0c50000, 0x00000000f0cd0000, 0x00000000f0cd0000)
  to   space 512K,   0% used [0x00000000f0cd0000, 0x00000000f0cd0000, 0x00000000f0d50000)
 tenured generation   total 10944K, used 1467K [0x00000000f5aa0000, 0x00000000f6550000, 0x0000000100000000)
   the space 10944K,  13% used [0x00000000f5aa0000, 0x00000000f5c0efb0, 0x00000000f5c0f000, 0x00000000f6550000)
 Metaspace       used 6096K, capacity 6186K, committed 6400K, reserved 1056768K
  class space    used 654K, capacity 657K, committed 768K, reserved 1048576K
Event: 1,877 GC heap after
Heap after GC invocations=3 (full 0):
 def new generation   total 4928K, used 511K [0x00000000f0800000, 0x00000000f0d50000, 0x00000000f5aa0000)
  eden space 4416K,   0% used [0x00000000f0800000, 0x00000000f0800000, 0x00000000f0c50000)
  from space 512K,  99% used [0x00000000f0cd0000, 0x00000000f0d4fff8, 0x00000000f0d50000)
  to   space 512K,   0% used [0x00000000f0c50000, 0x00000000f0c50000, 0x00000000f0cd0000)
 tenured generation   total 10944K, used 2575K [0x00000000f5aa0000, 0x00000000f6550000, 0x0000000100000000)
   the space 10944K,  23% used [0x00000000f5aa0000, 0x00000000f5d23fd8, 0x00000000f5d24000, 0x00000000f6550000)
 Metaspace       used 6096K, capacity 6186K, committed 6400K, reserved 1056768K
  class space    used 654K, capacity 657K, committed 768K, reserved 1048576K
}
Event: 2,218 GC heap before
{Heap before GC invocations=3 (full 0):
 def new generation   total 4928K, used 4927K [0x00000000f0800000, 0x00000000f0d50000, 0x00000000f5aa0000)
  eden space 4416K, 100% used [0x00000000f0800000, 0x00000000f0c50000, 0x00000000f0c50000)
  from space 512K,  99% used [0x00000000f0cd0000, 0x00000000f0d4fff8, 0x00000000f0d50000)
  to   space 512K,   0% used [0x00000000f0c50000, 0x00000000f0c50000, 0x00000000f0cd0000)
 tenured generation   total 10944K, used 2575K [0x00000000f5aa0000, 0x00000000f6550000, 0x0000000100000000)
   the space 10944K,  23% used [0x00000000f5aa0000, 0x00000000f5d23fd8, 0x00000000f5d24000, 0x00000000f6550000)
 Metaspace       used 7609K, capacity 7728K, committed 7808K, reserved 1056768K
  class space    used 812K, capacity 851K, committed 896K, reserved 1048576K
Event: 2,230 GC heap after
Heap after GC invocations=4 (full 0):
 def new generation   total 4928K, used 512K [0x00000000f0800000, 0x00000000f0d50000, 0x00000000f5aa0000)
  eden space 4416K,   0% used [0x00000000f0800000, 0x00000000f0800000, 0x00000000f0c50000)
  from space 512K, 100% used [0x00000000f0c50000, 0x00000000f0cd0000, 0x00000000f0cd0000)
  to   space 512K,   0% used [0x00000000f0cd0000, 0x00000000f0cd0000, 0x00000000f0d50000)
 tenured generation   total 10944K, used 3555K [0x00000000f5aa0000, 0x00000000f6550000, 0x0000000100000000)
   the space 10944K,  32% used [0x00000000f5aa0000, 0x00000000f5e18cf0, 0x00000000f5e18e00, 0x00000000f6550000)
 Metaspace       used 7609K, capacity 7728K, committed 7808K, reserved 1056768K
  class space    used 812K, capacity 851K, committed 896K, reserved 1048576K
}
Event: 2,407 GC heap before
{Heap before GC invocations=4 (full 0):
 def new generation   total 4928K, used 4928K [0x00000000f0800000, 0x00000000f0d50000, 0x00000000f5aa0000)
  eden space 4416K, 100% used [0x00000000f0800000, 0x00000000f0c50000, 0x00000000f0c50000)
  from space 512K, 100% used [0x00000000f0c50000, 0x00000000f0cd0000, 0x00000000f0cd0000)
  to   space 512K,   0% used [0x00000000f0cd0000, 0x00000000f0cd0000, 0x00000000f0d50000)
 tenured generation   total 10944K, used 3555K [0x00000000f5aa0000, 0x00000000f6550000, 0x0000000100000000)
   the space 10944K,  32% used [0x00000000f5aa0000, 0x00000000f5e18cf0, 0x00000000f5e18e00, 0x00000000f6550000)
 Metaspace       used 8172K, capacity 8304K, committed 8448K, reserved 1056768K
  class space    used 891K, capacity 915K, committed 1024K, reserved 1048576K
Event: 2,412 GC heap after
Heap after GC invocations=5 (full 0):
 def new generation   total 4928K, used 512K [0x00000000f0800000, 0x00000000f0d50000, 0x00000000f5aa0000)
  eden space 4416K,   0% used [0x00000000f0800000, 0x00000000f0800000, 0x00000000f0c50000)
  from space 512K, 100% used [0x00000000f0cd0000, 0x00000000f0d50000, 0x00000000f0d50000)
  to   space 512K,   0% used [0x00000000f0c50000, 0x00000000f0c50000, 0x00000000f0cd0000)
 tenured generation   total 10944K, used 4124K [0x00000000f5aa0000, 0x00000000f6550000, 0x0000000100000000)
   the space 10944K,  37% used [0x00000000f5aa0000, 0x00000000f5ea72d8, 0x00000000f5ea7400, 0x00000000f6550000)
 Metaspace       used 8172K, capacity 8304K, committed 8448K, reserved 1056768K
  class space    used 891K, capacity 915K, committed 1024K, reserved 1048576K
}
Event: 2,696 GC heap before
{Heap before GC invocations=5 (full 0):
 def new generation   total 4928K, used 4928K [0x00000000f0800000, 0x00000000f0d50000, 0x00000000f5aa0000)
  eden space 4416K, 100% used [0x00000000f0800000, 0x00000000f0c50000, 0x00000000f0c50000)
  from space 512K, 100% used [0x00000000f0cd0000, 0x00000000f0d50000, 0x00000000f0d50000)
  to   space 512K,   0% used [0x00000000f0c50000, 0x00000000f0c50000, 0x00000000f0cd0000)
 tenured generation   total 10944K, used 4124K [0x00000000f5aa0000, 0x00000000f6550000, 0x0000000100000000)
   the space 10944K,  37% used [0x00000000f5aa0000, 0x00000000f5ea72d8, 0x00000000f5ea7400, 0x00000000f6550000)
 Metaspace       used 9114K, capacity 9312K, committed 9600K, reserved 1058816K
  class space    used 1002K, capacity 1081K, committed 1152K, reserved 1048576K
Event: 2,699 GC heap after
Heap after GC invocations=6 (full 0):
 def new generation   total 4928K, used 457K [0x00000000f0800000, 0x00000000f0d50000, 0x00000000f5aa0000)
  eden space 4416K,   0% used [0x00000000f0800000, 0x00000000f0800000, 0x00000000f0c50000)
  from space 512K,  89% used [0x00000000f0c50000, 0x00000000f0cc26d0, 0x00000000f0cd0000)
  to   space 512K,   0% used [0x00000000f0cd0000, 0x00000000f0cd0000, 0x00000000f0d50000)
 tenured generation   total 10944K, used 4285K [0x00000000f5aa0000, 0x00000000f6550000, 0x0000000100000000)
   the space 10944K,  39% used [0x00000000f5aa0000, 0x00000000f5ecf790, 0x00000000f5ecf800, 0x00000000f6550000)
 Metaspace       used 9114K, capacity 9312K, committed 9600K, reserved 1058816K
  class space    used 1002K, capacity 1081K, committed 1152K, reserved 1048576K
}
Event: 3,130 GC heap before
{Heap before GC invocations=6 (full 0):
 def new generation   total 4928K, used 4873K [0x00000000f0800000, 0x00000000f0d50000, 0x00000000f5aa0000)
  eden space 4416K, 100% used [0x00000000f0800000, 0x00000000f0c50000, 0x00000000f0c50000)
  from space 512K,  89% used [0x00000000f0c50000, 0x00000000f0cc26d0, 0x00000000f0cd0000)
  to   space 512K,   0% used [0x00000000f0cd0000, 0x00000000f0cd0000, 0x00000000f0d50000)
 tenured generation   total 10944K, used 4285K [0x00000000f5aa0000, 0x00000000f6550000, 0x0000000100000000)
   the space 10944K,  39% used [0x00000000f5aa0000, 0x00000000f5ecf790, 0x00000000f5ecf800, 0x00000000f6550000)
 Metaspace       used 9776K, capacity 10026K, committed 10240K, reserved 1058816K
  class space    used 1074K, capacity 1169K, committed 1280K, reserved 1048576K
Event: 3,132 GC heap after
Heap after GC invocations=7 (full 0):
 def new generation   total 4928K, used 475K [0x00000000f0800000, 0x00000000f0d50000, 0x00000000f5aa0000)
  eden space 4416K,   0% used [0x00000000f0800000, 0x00000000f0800000, 0x00000000f0c50000)
  from space 512K,  92% used [0x00000000f0cd0000, 0x00000000f0d46e18, 0x00000000f0d50000)
  to   space 512K,   0% used [0x00000000f0c50000, 0x00000000f0c50000, 0x00000000f0cd0000)
 tenured generation   total 10944K, used 4650K [0x00000000f5aa0000, 0x00000000f6550000, 0x0000000100000000)
   the space 10944K,  42% used [0x00000000f5aa0000, 0x00000000f5f2a830, 0x00000000f5f2aa00, 0x00000000f6550000)
 Metaspace       used 9776K, capacity 10026K, committed 10240K, reserved 1058816K
  class space    used 1074K, capacity 1169K, committed 1280K, reserved 1048576K
}

