# JRE version: Java(TM) SE Runtime Environment (8.0_101-b13) (build 1.8.0_101-b13)
# Java VM: Java HotSpot(TM) 64-Bit Server VM (25.101-b13 mixed mode linux-amd64 compressed oops)
Heap:
 def new generation   total 4928K, used 2318K [0x00000000f0800000, 0x00000000f0d50000, 0x00000000f5aa0000)
  eden space 4416K,  41% used [0x00000000f0800000, 0x00000000f09ce6f8, 0x00000000f0c50000)
  from space 512K,  91% used [0x00000000f0cd0000, 0x00000000f0d45428, 0x00000000f0d50000)
  to   space 512K,   0% used [0x00000000f0c50000, 0x00000000f0c50000, 0x00000000f0cd0000)
 tenured generation   total 10944K, used 4632K [0x00000000f5aa0000, 0x00000000f6550000, 0x0000000100000000)
   the space 10944K,  42% used [0x00000000f5aa0000, 0x00000000f5f261d8, 0x00000000f5f26200, 0x00000000f6550000)
 Metaspace       used 10505K, capacity 10838K, committed 11008K, reserved 1058816K
  class space    used 1183K, capacity 1269K, committed 1280K, reserved 1048576K
GC Heap History (10 events):
Event: 1,214 GC heap before
{Heap before GC invocations=2 (full 0):
 def new generation   total 4928K, used 4928K [0x00000000f0800000, 0x00000000f0d50000, 0x00000000f5aa0000)
  eden space 4416K, 100% used [0x00000000f0800000, 0x00000000f0c50000, 0x00000000f0c50000)
  from space 512K, 100% used [0x00000000f0c50000, 0x00000000f0cd0000, 0x00000000f0cd0000)
  to   space 512K,   0% used [0x00000000f0cd0000, 0x00000000f0cd0000, 0x00000000f0d50000)
 tenured generation   total 10944K, used 1465K [0x00000000f5aa0000, 0x00000000f6550000, 0x0000000100000000)
   the space 10944K,  13% used [0x00000000f5aa0000, 0x00000000f5c0e490, 0x00000000f5c0e600, 0x00000000f6550000)
 Metaspace       used 6119K, capacity 6186K, committed 6400K, reserved 1056768K
  class space    used 654K, capacity 657K, committed 768K, reserved 1048576K
Event: 1,218 GC heap after
Heap after GC invocations=3 (full 0):
 def new generation   total 4928K, used 511K [0x00000000f0800000, 0x00000000f0d50000, 0x00000000f5aa0000)
  eden space 4416K,   0% used [0x00000000f0800000, 0x00000000f0800000, 0x00000000f0c50000)
  from space 512K,  99% used [0x00000000f0cd0000, 0x00000000f0d4fff8, 0x00000000f0d50000)
  to   space 512K,   0% used [0x00000000f0c50000, 0x00000000f0c50000, 0x00000000f0cd0000)
 tenured generation   total 10944K, used 2568K [0x00000000f5aa0000, 0x00000000f6550000, 0x0000000100000000)
   the space 10944K,  23% used [0x00000000f5aa0000, 0x00000000f5d22060, 0x00000000f5d22200, 0x00000000f6550000)
 Metaspace       used 6119K, capacity 6186K, committed 6400K, reserved 1056768K
  class space    used 654K, capacity 657K, committed 768K, reserved 1048576K
}
Event: 1,466 GC heap before
{Heap before GC invocations=3 (full 0):
 def new generation   total 4928K, used 4927K [0x00000000f0800000, 0x00000000f0d50000, 0x00000000f5aa0000)
  eden space 4416K, 100% used [0x00000000f0800000, 0x00000000f0c50000, 0x00000000f0c50000)
  from space 512K,  99% used [0x00000000f0cd0000, 0x00000000f0d4fff8, 0x00000000f0d50000)
  to   space 512K,   0% used [0x00000000f0c50000, 0x00000000f0c50000, 0x00000000f0cd0000)
 tenured generation   total 10944K, used 2568K [0x00000000f5aa0000, 0x00000000f6550000, 0x0000000100000000)
   the space 10944K,  23% used [0x00000000f5aa0000, 0x00000000f5d22060, 0x00000000f5d22200, 0x00000000f6550000)
 Metaspace       used 7618K, capacity 7728K, committed 7808K, reserved 1056768K
  class space    used 813K, capacity 851K, committed 896K, reserved 1048576K
Event: 1,469 GC heap after
Heap after GC invocations=4 (full 0):
 def new generation   total 4928K, used 512K [0x00000000f0800000, 0x00000000f0d50000, 0x00000000f5aa0000)
  eden space 4416K,   0% used [0x00000000f0800000, 0x00000000f0800000, 0x00000000f0c50000)
  from space 512K, 100% used [0x00000000f0c50000, 0x00000000f0cd0000, 0x00000000f0cd0000)
  to   space 512K,   0% used [0x00000000f0cd0000, 0x00000000f0cd0000, 0x00000000f0d50000)
 tenured generation   total 10944K, used 3555K [0x00000000f5aa0000, 0x00000000f6550000, 0x0000000100000000)
   the space 10944K,  32% used [0x00000000f5aa0000, 0x00000000f5e18e38, 0x00000000f5e19000, 0x00000000f6550000)
 Metaspace       used 7618K, capacity 7728K, committed 7808K, reserved 1056768K
  class space    used 813K, capacity 851K, committed 896K, reserved 1048576K
}
Event: 1,578 GC heap before
{Heap before GC invocations=4 (full 0):
 def new generation   total 4928K, used 4928K [0x00000000f0800000, 0x00000000f0d50000, 0x00000000f5aa0000)
  eden space 4416K, 100% used [0x00000000f0800000, 0x00000000f0c50000, 0x00000000f0c50000)
  from space 512K, 100% used [0x00000000f0c50000, 0x00000000f0cd0000, 0x00000000f0cd0000)
  to   space 512K,   0% used [0x00000000f0cd0000, 0x00000000f0cd0000, 0x00000000f0d50000)
 tenured generation   total 10944K, used 3555K [0x00000000f5aa0000, 0x00000000f6550000, 0x0000000100000000)
   the space 10944K,  32% used [0x00000000f5aa0000, 0x00000000f5e18e38, 0x00000000f5e19000, 0x00000000f6550000)
 Metaspace       used 8172K, capacity 8304K, committed 8448K, reserved 1056768K
  class space    used 891K, capacity 915K, committed 1024K, reserved 1048576K
Event: 1,581 GC heap after
Heap after GC invocations=5 (full 0):
 def new generation   total 4928K, used 511K [0x00000000f0800000, 0x00000000f0d50000, 0x00000000f5aa0000)
  eden space 4416K,   0% used [0x00000000f0800000, 0x00000000f0800000, 0x00000000f0c50000)
  from space 512K,  99% used [0x00000000f0cd0000, 0x00000000f0d4fff0, 0x00000000f0d50000)
  to   space 512K,   0% used [0x00000000f0c50000, 0x00000000f0c50000, 0x00000000f0cd0000)
 tenured generation   total 10944K, used 4114K [0x00000000f5aa0000, 0x00000000f6550000, 0x0000000100000000)
   the space 10944K,  37% used [0x00000000f5aa0000, 0x00000000f5ea4a58, 0x00000000f5ea4c00, 0x00000000f6550000)
 Metaspace       used 8172K, capacity 8304K, committed 8448K, reserved 1056768K
  class space    used 891K, capacity 915K, committed 1024K, reserved 1048576K
}
Event: 1,756 GC heap before
{Heap before GC invocations=5 (full 0):
 def new generation   total 4928K, used 4927K [0x00000000f0800000, 0x00000000f0d50000, 0x00000000f5aa0000)
  eden space 4416K, 100% used [0x00000000f0800000, 0x00000000f0c50000, 0x00000000f0c50000)
  from space 512K,  99% used [0x00000000f0cd0000, 0x00000000f0d4fff0, 0x00000000f0d50000)
  to   space 512K,   0% used [0x00000000f0c50000, 0x00000000f0c50000, 0x00000000f0cd0000)
 tenured generation   total 10944K, used 4114K [0x00000000f5aa0000, 0x00000000f6550000, 0x0000000100000000)
   the space 10944K,  37% used [0x00000000f5aa0000, 0x00000000f5ea4a58, 0x00000000f5ea4c00, 0x00000000f6550000)
 Metaspace       used 9089K, capacity 9312K, committed 9600K, reserved 1058816K
  class space    used 1002K, capacity 1081K, committed 1152K, reserved 1048576K
Event: 1,763 GC heap after
Heap after GC invocations=6 (full 0):
 def new generation   total 4928K, used 457K [0x00000000f0800000, 0x00000000f0d50000, 0x00000000f5aa0000)
  eden space 4416K,   0% used [0x00000000f0800000, 0x00000000f0800000, 0x00000000f0c50000)
  from space 512K,  89% used [0x00000000f0c50000, 0x00000000f0cc24c0, 0x00000000f0cd0000)
  to   space 512K,   0% used [0x00000000f0cd0000, 0x00000000f0cd0000, 0x00000000f0d50000)
 tenured generation   total 10944K, used 4273K [0x00000000f5aa0000, 0x00000000f6550000, 0x0000000100000000)
   the space 10944K,  39% used [0x00000000f5aa0000, 0x00000000f5ecc408, 0x00000000f5ecc600, 0x00000000f6550000)
 Metaspace       used 9089K, capacity 9312K, committed 9600K, reserved 1058816K
  class space    used 1002K, capacity 1081K, committed 1152K, reserved 1048576K
}
Event: 1,952 GC heap before
{Heap before GC invocations=6 (full 0):
 def new generation   total 4928K, used 4873K [0x00000000f0800000, 0x00000000f0d50000, 0x00000000f5aa0000)
  eden space 4416K, 100% used [0x00000000f0800000, 0x00000000f0c50000, 0x00000000f0c50000)
  from space 512K,  89% used [0x00000000f0c50000, 0x00000000f0cc24c0, 0x00000000f0cd0000)
  to   space 512K,   0% used [0x00000000f0cd0000, 0x00000000f0cd0000, 0x00000000f0d50000)
 tenured generation   total 10944K, used 4273K [0x00000000f5aa0000, 0x00000000f6550000, 0x0000000100000000)
   the space 10944K,  39% used [0x00000000f5aa0000, 0x00000000f5ecc408, 0x00000000f5ecc600, 0x00000000f6550000)
 Metaspace       used 9721K, capacity 9994K, committed 10112K, reserved 1058816K
  class space    used 1071K, capacity 1137K, committed 1152K, reserved 1048576K
Event: 1,954 GC heap after
Heap after GC invocations=7 (full 0):
 def new generation   total 4928K, used 469K [0x00000000f0800000, 0x00000000f0d50000, 0x00000000f5aa0000)
  eden space 4416K,   0% used [0x00000000f0800000, 0x00000000f0800000, 0x00000000f0c50000)
  from space 512K,  91% used [0x00000000f0cd0000, 0x00000000f0d45428, 0x00000000f0d50000)
  to   space 512K,   0% used [0x00000000f0c50000, 0x00000000f0c50000, 0x00000000f0cd0000)
 tenured generation   total 10944K, used 4632K [0x00000000f5aa0000, 0x00000000f6550000, 0x0000000100000000)
   the space 10944K,  42% used [0x00000000f5aa0000, 0x00000000f5f261d8, 0x00000000f5f26200, 0x00000000f6550000)
 Metaspace       used 9721K, capacity 9994K, committed 10112K, reserved 1058816K
  class space    used 1071K, capacity 1137K, committed 1152K, reserved 1048576K
}

