# JRE version: Java(TM) SE Runtime Environment (8.0_101-b13) (build 1.8.0_101-b13)
# Java VM: Java HotSpot(TM) 64-Bit Server VM (25.101-b13 mixed mode linux-amd64 compressed oops)
Heap:
 def new generation   total 4928K, used 2343K [0x00000000f0800000, 0x00000000f0d50000, 0x00000000f5aa0000)
  eden space 4416K,  42% used [0x00000000f0800000, 0x00000000f09d3e48, 0x00000000f0c50000)
  from space 512K,  92% used [0x00000000f0cd0000, 0x00000000f0d46078, 0x00000000f0d50000)
  to   space 512K,   0% used [0x00000000f0c50000, 0x00000000f0c50000, 0x00000000f0cd0000)
 tenured generation   total 10944K, used 4637K [0x00000000f5aa0000, 0x00000000f6550000, 0x0000000100000000)
   the space 10944K,  42% used [0x00000000f5aa0000, 0x00000000f5f27738, 0x00000000f5f27800, 0x00000000f6550000)
 Metaspace       used 10548K, capacity 10902K, committed 11008K, reserved 1058816K
  class space    used 1183K, capacity 1269K, committed 1280K, reserved 1048576K
GC Heap History (10 events):
Event: 0,945 GC heap before
{Heap before GC invocations=2 (full 0):
 def new generation   total 4928K, used 4928K [0x00000000f0800000, 0x00000000f0d50000, 0x00000000f5aa0000)
  eden space 4416K, 100% used [0x00000000f0800000, 0x00000000f0c50000, 0x00000000f0c50000)
  from space 512K, 100% used [0x00000000f0c50000, 0x00000000f0cd0000, 0x00000000f0cd0000)
  to   space 512K,   0% used [0x00000000f0cd0000, 0x00000000f0cd0000, 0x00000000f0d50000)
 tenured generation   total 10944K, used 1472K [0x00000000f5aa0000, 0x00000000f6550000, 0x0000000100000000)
   the space 10944K,  13% used [0x00000000f5aa0000, 0x00000000f5c10310, 0x00000000f5c10400, 0x00000000f6550000)
 Metaspace       used 6103K, capacity 6186K, committed 6400K, reserved 1056768K
  class space    used 654K, capacity 657K, committed 768K, reserved 1048576K
Event: 0,947 GC heap after
Heap after GC invocations=3 (full 0):
 def new generation   total 4928K, used 512K [0x00000000f0800000, 0x00000000f0d50000, 0x00000000f5aa0000)
  eden space 4416K,   0% used [0x00000000f0800000, 0x00000000f0800000, 0x00000000f0c50000)
  from space 512K, 100% used [0x00000000f0cd0000, 0x00000000f0d50000, 0x00000000f0d50000)
  to   space 512K,   0% used [0x00000000f0c50000, 0x00000000f0c50000, 0x00000000f0cd0000)
 tenured generation   total 10944K, used 2567K [0x00000000f5aa0000, 0x00000000f6550000, 0x0000000100000000)
   the space 10944K,  23% used [0x00000000f5aa0000, 0x00000000f5d21ff8, 0x00000000f5d22000, 0x00000000f6550000)
 Metaspace       used 6103K, capacity 6186K, committed 6400K, reserved 1056768K
  class space    used 654K, capacity 657K, committed 768K, reserved 1048576K
}
Event: 1,136 GC heap before
{Heap before GC invocations=3 (full 0):
 def new generation   total 4928K, used 4928K [0x00000000f0800000, 0x00000000f0d50000, 0x00000000f5aa0000)
  eden space 4416K, 100% used [0x00000000f0800000, 0x00000000f0c50000, 0x00000000f0c50000)
  from space 512K, 100% used [0x00000000f0cd0000, 0x00000000f0d50000, 0x00000000f0d50000)
  to   space 512K,   0% used [0x00000000f0c50000, 0x00000000f0c50000, 0x00000000f0cd0000)
 tenured generation   total 10944K, used 2567K [0x00000000f5aa0000, 0x00000000f6550000, 0x0000000100000000)
   the space 10944K,  23% used [0x00000000f5aa0000, 0x00000000f5d21ff8, 0x00000000f5d22000, 0x00000000f6550000)
 Metaspace       used 7611K, capacity 7728K, committed 7808K, reserved 1056768K
  class space    used 813K, capacity 851K, committed 896K, reserved 1048576K
Event: 1,139 GC heap after
Heap after GC invocations=4 (full 0):
 def new generation   total 4928K, used 511K [0x00000000f0800000, 0x00000000f0d50000, 0x00000000f5aa0000)
  eden space 4416K,   0% used [0x00000000f0800000, 0x00000000f0800000, 0x00000000f0c50000)
  from space 512K,  99% used [0x00000000f0c50000, 0x00000000f0ccfff8, 0x00000000f0cd0000)
  to   space 512K,   0% used [0x00000000f0cd0000, 0x00000000f0cd0000, 0x00000000f0d50000)
 tenured generation   total 10944K, used 3555K [0x00000000f5aa0000, 0x00000000f6550000, 0x0000000100000000)
   the space 10944K,  32% used [0x00000000f5aa0000, 0x00000000f5e18da8, 0x00000000f5e18e00, 0x00000000f6550000)
 Metaspace       used 7611K, capacity 7728K, committed 7808K, reserved 1056768K
  class space    used 813K, capacity 851K, committed 896K, reserved 1048576K
}
Event: 1,240 GC heap before
{Heap before GC invocations=4 (full 0):
 def new generation   total 4928K, used 4927K [0x00000000f0800000, 0x00000000f0d50000, 0x00000000f5aa0000)
  eden space 4416K, 100% used [0x00000000f0800000, 0x00000000f0c50000, 0x00000000f0c50000)
  from space 512K,  99% used [0x00000000f0c50000, 0x00000000f0ccfff8, 0x00000000f0cd0000)
  to   space 512K,   0% used [0x00000000f0cd0000, 0x00000000f0cd0000, 0x00000000f0d50000)
 tenured generation   total 10944K, used 3555K [0x00000000f5aa0000, 0x00000000f6550000, 0x0000000100000000)
   the space 10944K,  32% used [0x00000000f5aa0000, 0x00000000f5e18da8, 0x00000000f5e18e00, 0x00000000f6550000)
 Metaspace       used 8169K, capacity 8304K, committed 8448K, reserved 1056768K
  class space    used 891K, capacity 915K, committed 1024K, reserved 1048576K
Event: 1,243 GC heap after
Heap after GC invocations=5 (full 0):
 def new generation   total 4928K, used 511K [0x00000000f0800000, 0x00000000f0d50000, 0x00000000f5aa0000)
  eden space 4416K,   0% used [0x00000000f0800000, 0x00000000f0800000, 0x00000000f0c50000)
  from space 512K,  99% used [0x00000000f0cd0000, 0x00000000f0d4fff0, 0x00000000f0d50000)
  to   space 512K,   0% used [0x00000000f0c50000, 0x00000000f0c50000, 0x00000000f0cd0000)
 tenured generation   total 10944K, used 4118K [0x00000000f5aa0000, 0x00000000f6550000, 0x0000000100000000)
   the space 10944K,  37% used [0x00000000f5aa0000, 0x00000000f5ea58c8, 0x00000000f5ea5a00, 0x00000000f6550000)
 Metaspace       used 8169K, capacity 8304K, committed 8448K, reserved 1056768K
  class space    used 891K, capacity 915K, committed 1024K, reserved 1048576K
}
Event: 1,404 GC heap before
{Heap before GC invocations=5 (full 0):
 def new generation   total 4928K, used 4927K [0x00000000f0800000, 0x00000000f0d50000, 0x00000000f5aa0000)
  eden space 4416K, 100% used [0x00000000f0800000, 0x00000000f0c50000, 0x00000000f0c50000)
  from space 512K,  99% used [0x00000000f0cd0000, 0x00000000f0d4fff0, 0x00000000f0d50000)
  to   space 512K,   0% used [0x00000000f0c50000, 0x00000000f0c50000, 0x00000000f0cd0000)
 tenured generation   total 10944K, used 4118K [0x00000000f5aa0000, 0x00000000f6550000, 0x0000000100000000)
   the space 10944K,  37% used [0x00000000f5aa0000, 0x00000000f5ea58c8, 0x00000000f5ea5a00, 0x00000000f6550000)
 Metaspace       used 9105K, capacity 9312K, committed 9600K, reserved 1058816K
  class space    used 1002K, capacity 1081K, committed 1152K, reserved 1048576K
Event: 1,406 GC heap after
Heap after GC invocations=6 (full 0):
 def new generation   total 4928K, used 458K [0x00000000f0800000, 0x00000000f0d50000, 0x00000000f5aa0000)
  eden space 4416K,   0% used [0x00000000f0800000, 0x00000000f0800000, 0x00000000f0c50000)
  from space 512K,  89% used [0x00000000f0c50000, 0x00000000f0cc28f0, 0x00000000f0cd0000)
  to   space 512K,   0% used [0x00000000f0cd0000, 0x00000000f0cd0000, 0x00000000f0d50000)
 tenured generation   total 10944K, used 4278K [0x00000000f5aa0000, 0x00000000f6550000, 0x0000000100000000)
   the space 10944K,  39% used [0x00000000f5aa0000, 0x00000000f5ecdb68, 0x00000000f5ecdc00, 0x00000000f6550000)
 Metaspace       used 9105K, capacity 9312K, committed 9600K, reserved 1058816K
  class space    used 1002K, capacity 1081K, committed 1152K, reserved 1048576K
}
Event: 1,580 GC heap before
{Heap before GC invocations=6 (full 0):
 def new generation   total 4928K, used 4874K [0x00000000f0800000, 0x00000000f0d50000, 0x00000000f5aa0000)
  eden space 4416K, 100% used [0x00000000f0800000, 0x00000000f0c50000, 0x00000000f0c50000)
  from space 512K,  89% used [0x00000000f0c50000, 0x00000000f0cc28f0, 0x00000000f0cd0000)
  to   space 512K,   0% used [0x00000000f0cd0000, 0x00000000f0cd0000, 0x00000000f0d50000)
 tenured generation   total 10944K, used 4278K [0x00000000f5aa0000, 0x00000000f6550000, 0x0000000100000000)
   the space 10944K,  39% used [0x00000000f5aa0000, 0x00000000f5ecdb68, 0x00000000f5ecdc00, 0x00000000f6550000)
 Metaspace       used 9754K, capacity 9992K, committed 10112K, reserved 1058816K
  class space    used 1070K, capacity 1135K, committed 1152K, reserved 1048576K
Event: 1,583 GC heap after
Heap after GC invocations=7 (full 0):
 def new generation   total 4928K, used 472K [0x00000000f0800000, 0x00000000f0d50000, 0x00000000f5aa0000)
  eden space 4416K,   0% used [0x00000000f0800000, 0x00000000f0800000, 0x00000000f0c50000)
  from space 512K,  92% used [0x00000000f0cd0000, 0x00000000f0d46078, 0x00000000f0d50000)
  to   space 512K,   0% used [0x00000000f0c50000, 0x00000000f0c50000, 0x00000000f0cd0000)
 tenured generation   total 10944K, used 4637K [0x00000000f5aa0000, 0x00000000f6550000, 0x0000000100000000)
   the space 10944K,  42% used [0x00000000f5aa0000, 0x00000000f5f27738, 0x00000000f5f27800, 0x00000000f6550000)
 Metaspace       used 9754K, capacity 9992K, committed 10112K, reserved 1058816K
  class space    used 1070K, capacity 1135K, committed 1152K, reserved 1048576K
}

